生成启动时间为 2017-07-17 20:39:48。
     1>项目“E:\VS 2010\VS 工作空间\数据结构 (用面向对象方法与C++语言描述)\搜索结构\搜索结构\搜索结构.vcxproj”在节点 2 上(build 个目标)。
     1>InitializeBuildStatus:
         正在创建“Debug\搜索结构.unsuccessfulbuild”，因为已指定“AlwaysCreate”。
       ClCompile:
         所有输出均为最新。
         e:\VS 2010\VS 2010\VC\bin\CL.exe /c /ZI /nologo /W3 /WX- /Od /Oy- /D WIN32 /D _DEBUG /D _CONSOLE /D _UNICODE /D UNICODE /Gm /EHsc /RTC1 /MDd /GS /fp:precise /Zc:wchar_t /Zc:forScope /Yu"StdAfx.h" /Fp"Debug\搜索结构.pch" /Fo"Debug\\" /Fd"Debug\vc100.pdb" /Gd /TP /analyze- /errorReport:prompt "搜索结构.cpp"
         搜索结构.cpp
       ManifestResourceCompile:
         所有输出均为最新。
       Link:
         e:\VS 2010\VS 2010\VC\bin\link.exe /ERRORREPORT:PROMPT /OUT:"E:\VS 2010\VS 工作空间\数据结构 (用面向对象方法与C++语言描述)\搜索结构\Debug\搜索结构.exe" /INCREMENTAL /NOLOGO kernel32.lib user32.lib gdi32.lib winspool.lib comdlg32.lib advapi32.lib shell32.lib ole32.lib oleaut32.lib uuid.lib odbc32.lib odbccp32.lib /MANIFEST /ManifestFile:"Debug\搜索结构.exe.intermediate.manifest" /MANIFESTUAC:"level='asInvoker' uiAccess='false'" /DEBUG /PDB:"E:\VS 2010\VS 工作空间\数据结构 (用面向对象方法与C++语言描述)\搜索结构\Debug\搜索结构.pdb" /SUBSYSTEM:CONSOLE /TLBID:1 /DYNAMICBASE /NXCOMPAT /IMPLIB:"E:\VS 2010\VS 工作空间\数据结构 (用面向对象方法与C++语言描述)\搜索结构\Debug\搜索结构.lib" /MACHINE:X86 "Debug\搜索结构.exe.embed.manifest.res"
         Debug\stdafx.obj
         "Debug\搜索结构.obj"
     1>LINK : warning LNK4067: 不明确的入口点；选定“mainCRTStartup”
       Manifest:
         C:\Program Files (x86)\Microsoft SDKs\Windows\v7.0A\bin\mt.exe /nologo /verbose /out:"Debug\搜索结构.exe.embed.manifest" /manifest "Debug\搜索结构.exe.intermediate.manifest"
         所有输出均为最新。
       LinkEmbedManifest:
         所有输出均为最新。
         搜索结构.vcxproj -> E:\VS 2010\VS 工作空间\数据结构 (用面向对象方法与C++语言描述)\搜索结构\Debug\搜索结构.exe
       FinalizeBuildStatus:
         正在删除文件“Debug\搜索结构.unsuccessfulbuild”。
         正在对“Debug\搜索结构.lastbuildstate”执行 Touch 任务。
     1>已完成生成项目“E:\VS 2010\VS 工作空间\数据结构 (用面向对象方法与C++语言描述)\搜索结构\搜索结构\搜索结构.vcxproj”(build 个目标)的操作。

生成成功。

已用时间 00:00:01.07
